2018-04-04 16:46:15   |  NULL
array (
  'code' => '9999',
  'msg' => '系统异常',
)

2018-04-04 16:46:22   |  NULL
array (
  'code' => '9999',
  'msg' => '系统异常',
)

2018-04-04 17:56:12   |  NULL
array (
  'code' => '3009',
  'msg' => '单笔支付金额要大于1.00元',
)

2018-04-04 17:56:17   |  NULL
array (
  'code' => '3009',
  'msg' => '单笔支付金额要大于1.00元',
)

2018-04-04 17:56:21   |  NULL
array (
  'code' => '3009',
  'msg' => '单笔支付金额要大于1.00元',
)

2018-04-04 17:56:24   |  NULL
array (
  'code' => '3023',
  'msg' => '金额应为整百(100-5000之间)',
)

2018-04-04 17:57:25   |  NULL
array (
  'code' => '3009',
  'msg' => '单笔支付金额要大于1.00元',
)

